This is pdfTeX, Version 3.14159265-2.6-1.40.19 (TeX Live 2018/W32TeX) (preloaded format=pdflatex 2018.9.4)  22 OCT 2018 18:31
entering extended mode
 restricted \write18 enabled.
 file:line:error style messages enabled.
 %&-line parsing enabled.
**c:/Users/Evan/Documents/MST/CS1200/HW04/hw04.tex
(c:/Users/Evan/Documents/MST/CS1200/HW04/hw04.tex
LaTeX2e <2018-04-01> patch level 5
(c:/Program Files (x86)/texlive/2018/texmf-dist/tex/latex/base/article.cls
Document Class: article 2014/09/29 v1.4h Standard LaTeX document class
(c:/Program Files (x86)/texlive/2018/texmf-dist/tex/latex/base/size10.clo
File: size10.clo 2014/09/29 v1.4h Standard LaTeX file (size option)
)
\c@part=\count80
\c@section=\count81
\c@subsection=\count82
\c@subsubsection=\count83
\c@paragraph=\count84
\c@subparagraph=\count85
\c@figure=\count86
\c@table=\count87
\abovecaptionskip=\skip41
\belowcaptionskip=\skip42
\bibindent=\dimen102
) (c:/Program Files (x86)/texlive/2018/texmf-dist/tex/latex/graphics/graphicx.sty
Package: graphicx 2017/06/01 v1.1a Enhanced LaTeX Graphics (DPC,SPQR)
 (c:/Program Files (x86)/texlive/2018/texmf-dist/tex/latex/graphics/keyval.sty
Package: keyval 2014/10/28 v1.15 key=value parser (DPC)
\KV@toks@=\toks14
) (c:/Program Files (x86)/texlive/2018/texmf-dist/tex/latex/graphics/graphics.sty
Package: graphics 2017/06/25 v1.2c Standard LaTeX Graphics (DPC,SPQR)
 (c:/Program Files (x86)/texlive/2018/texmf-dist/tex/latex/graphics/trig.sty
Package: trig 2016/01/03 v1.10 sin cos tan (DPC)
) (c:/Program Files (x86)/texlive/2018/texmf-dist/tex/latex/graphics-cfg/graphics.cfg
File: graphics.cfg 2016/06/04 v1.11 sample graphics configuration
)
Package graphics Info: Driver file: pdftex.def on input line 99.
 (c:/Program Files (x86)/texlive/2018/texmf-dist/tex/latex/graphics-def/pdftex.def
File: pdftex.def 2018/01/08 v1.0l Graphics/color driver for pdftex
))
\Gin@req@height=\dimen103
\Gin@req@width=\dimen104
) (./hw04.aux)
\openout1 = `hw04.aux'.

LaTeX Font Info:    Checking defaults for OML/cmm/m/it on input line 4.
LaTeX Font Info:    ... okay on input line 4.
LaTeX Font Info:    Checking defaults for T1/cmr/m/n on input line 4.
LaTeX Font Info:    ... okay on input line 4.
LaTeX Font Info:    Checking defaults for OT1/cmr/m/n on input line 4.
LaTeX Font Info:    ... okay on input line 4.
LaTeX Font Info:    Checking defaults for OMS/cmsy/m/n on input line 4.
LaTeX Font Info:    ... okay on input line 4.
LaTeX Font Info:    Checking defaults for OMX/cmex/m/n on input line 4.
LaTeX Font Info:    ... okay on input line 4.
LaTeX Font Info:    Checking defaults for U/cmr/m/n on input line 4.
LaTeX Font Info:    ... okay on input line 4.
 (c:/Program Files (x86)/texlive/2018/texmf-dist/tex/context/base/mkii/supp-pdf.mkii
[Loading MPS to PDF converter (version 2006.09.02).]
\scratchcounter=\count88
\scratchdimen=\dimen105
\scratchbox=\box26
\nofMPsegments=\count89
\nofMParguments=\count90
\everyMPshowfont=\toks15
\MPscratchCnt=\count91
\MPscratchDim=\dimen106
\MPnumerator=\count92
\makeMPintoPDFobject=\count93
\everyMPtoPDFconversion=\toks16
) (c:/Program Files (x86)/texlive/2018/texmf-dist/tex/latex/oberdiek/epstopdf-base.sty
Package: epstopdf-base 2016/05/15 v2.6 Base part for package epstopdf
 (c:/Program Files (x86)/texlive/2018/texmf-dist/tex/generic/oberdiek/infwarerr.sty
Package: infwarerr 2016/05/16 v1.4 Providing info/warning/error messages (HO)
) (c:/Program Files (x86)/texlive/2018/texmf-dist/tex/latex/oberdiek/grfext.sty
Package: grfext 2016/05/16 v1.2 Manage graphics extensions (HO)
 (c:/Program Files (x86)/texlive/2018/texmf-dist/tex/generic/oberdiek/kvdefinekeys.sty
Package: kvdefinekeys 2016/05/16 v1.4 Define keys (HO)
 (c:/Program Files (x86)/texlive/2018/texmf-dist/tex/generic/oberdiek/ltxcmds.sty
Package: ltxcmds 2016/05/16 v1.23 LaTeX kernel commands for general use (HO)
))) (c:/Program Files (x86)/texlive/2018/texmf-dist/tex/latex/oberdiek/kvoptions.sty
Package: kvoptions 2016/05/16 v3.12 Key value format for package options (HO)
 (c:/Program Files (x86)/texlive/2018/texmf-dist/tex/generic/oberdiek/kvsetkeys.sty
Package: kvsetkeys 2016/05/16 v1.17 Key value parser (HO)
 (c:/Program Files (x86)/texlive/2018/texmf-dist/tex/generic/oberdiek/etexcmds.sty
Package: etexcmds 2016/05/16 v1.6 Avoid name clashes with e-TeX commands (HO)
 (c:/Program Files (x86)/texlive/2018/texmf-dist/tex/generic/oberdiek/ifluatex.sty
Package: ifluatex 2016/05/16 v1.4 Provides the ifluatex switch (HO)
Package ifluatex Info: LuaTeX not detected.
)
Package etexcmds Info: Could not find \expanded.
(etexcmds)             That can mean that you are not using pdfTeX 1.50 or
(etexcmds)             that some package has redefined \expanded.
(etexcmds)             In the latter case, load this package earlier.
))) (c:/Program Files (x86)/texlive/2018/texmf-dist/tex/generic/oberdiek/pdftexcmds.sty
Package: pdftexcmds 2018/01/30 v0.27 Utility functions of pdfTeX for LuaTeX (HO)
 (c:/Program Files (x86)/texlive/2018/texmf-dist/tex/generic/oberdiek/ifpdf.sty
Package: ifpdf 2017/03/15 v3.2 Provides the ifpdf switch
)
Package pdftexcmds Info: LuaTeX not detected.
Package pdftexcmds Info: \pdf@primitive is available.
Package pdftexcmds Info: \pdf@ifprimitive is available.
Package pdftexcmds Info: \pdfdraftmode found.
)
Package epstopdf-base Info: Redefining graphics rule for `.eps' on input line 438.
Package grfext Info: Graphics extension search list:
(grfext)             [.pdf,.png,.jpg,.mps,.jpeg,.jbig2,.jb2,.PDF,.PNG,.JPG,.JPEG,.JBIG2,.JB2,.eps]
(grfext)             \AppendGraphicsExtensions on input line 456.
 (c:/Program Files (x86)/texlive/2018/texmf-dist/tex/latex/latexconfig/epstopdf-sys.cfg
File: epstopdf-sys.cfg 2010/07/13 v1.3 Configuration of (r)epstopdf for TeX Live
))
LaTeX Font Info:    External font `cmex10' loaded for size
(Font)              <7> on input line 23.
LaTeX Font Info:    External font `cmex10' loaded for size
(Font)              <5> on input line 23.
<./images/2a1.png, id=1, 457.71pt x 289.08pt>
File: ./images/2a1.png Graphic file (type png)
<use ./images/2a1.png>
Package pdftex.def Info: ./images/2a1.png  used on input line 77.
(pdftex.def)             Requested size: 274.62813pt x 173.44933pt.
<./images/2a2.png, id=3, 320.397pt x 137.91525pt>
File: ./images/2a2.png Graphic file (type png)
<use ./images/2a2.png>
Package pdftex.def Info: ./images/2a2.png  used on input line 78.
(pdftex.def)             Requested size: 224.27637pt x 96.54001pt.
 [1

{c:/Program Files (x86)/texlive/2018/texmf-var/fonts/map/pdftex/updmap/pdftex.map} <./images/2a1.PNG>]
<./images/2b1.png, id=13, 420.3705pt x 245.718pt>
File: ./images/2b1.png Graphic file (type png)
<use ./images/2b1.png>
Package pdftex.def Info: ./images/2b1.png  used on input line 80.
(pdftex.def)             Requested size: 252.22424pt x 147.43193pt.
<./images/2b2.png, id=14, 302.93175pt x 139.11975pt>
File: ./images/2b2.png Graphic file (type png)
<use ./images/2b2.png>
Package pdftex.def Info: ./images/2b2.png  used on input line 81.
(pdftex.def)             Requested size: 212.05077pt x 97.38315pt.

Overfull \hbox (79.43309pt too wide) in paragraph at lines 90--96
[][] 
 []


Overfull \hbox (34.52756pt too wide) in paragraph at lines 101--107
[][] 
 []

[2 <./images/2a2.PNG> <./images/2b1.PNG> <./images/2b2.PNG>] [3]
Overfull \hbox (106.00063pt too wide) in paragraph at lines 189--195
[][] 
 []


Overfull \hbox (126.00066pt too wide) in paragraph at lines 198--205
[][] 
 []


Overfull \hbox (15.88937pt too wide) in paragraph at lines 208--216
[][] 
 []


Overfull \hbox (25.00003pt too wide) in paragraph at lines 218--220
[]
 []


Overfull \hbox (76.44502pt too wide) in paragraph at lines 221--229
[][] 
 []

[4]
<./images/6a.png, id=27, 310.15875pt x 458.9145pt>
File: ./images/6a.png Graphic file (type png)
<use ./images/6a.png>
Package pdftex.def Info: ./images/6a.png  used on input line 238.
(pdftex.def)             Requested size: 217.10963pt x 321.23796pt.
<./images/6b.png, id=28, 490.2315pt x 218.0145pt>
File: ./images/6b.png Graphic file (type png)
<use ./images/6b.png>
Package pdftex.def Info: ./images/6b.png  used on input line 239.
(pdftex.def)             Requested size: 343.15971pt x 152.60909pt.
<./images/6c.png, id=29, 301.125pt x 28.30576pt>
File: ./images/6c.png Graphic file (type png)
<use ./images/6c.png>
Package pdftex.def Info: ./images/6c.png  used on input line 240.
(pdftex.def)             Requested size: 240.90031pt x 22.64462pt.

Overfull \hbox (23.15974pt too wide) in paragraph at lines 238--241
[] 
 []

[5 <./images/6a.PNG> <./images/6b.PNG> <./images/6c.PNG>]
Overfull \hbox (35.30014pt too wide) in paragraph at lines 247--260
[][] 
 []

[6] (./hw04.aux) ) 
Here is how much of TeX's memory you used:
 1445 strings out of 492642
 21783 string characters out of 6123637
 92469 words of memory out of 5000000
 5343 multiletter control sequences out of 15000+600000
 3640 words of font info for 14 fonts, out of 8000000 for 9000
 1141 hyphenation exceptions out of 8191
 41i,9n,25p,311b,328s stack positions out of 5000i,500n,10000p,200000b,80000s
<c:/Program Files (x86)/texlive/2018/texmf-dist/fonts/type1/public/amsfonts/cm/cmmi10.pfb><c:/Program Files (x86)/texlive/2018/texmf-dist/fonts/type1/public/amsfonts/cm/cmr10.pfb><c:/Program Files (x86)/texlive/2018/texmf-dist/fonts/type1/public/amsfonts/cm/cmsy10.pfb>
Output written on hw04.pdf (6 pages, 167280 bytes).
PDF statistics:
 50 PDF objects out of 1000 (max. 8388607)
 24 compressed objects within 1 object stream
 0 named destinations out of 1000 (max. 500000)
 36 words of extra memory for PDF output out of 10000 (max. 10000000)

