This is pdfTeX, Version 3.14159265-2.6-1.40.19 (TeX Live 2018/W32TeX) (preloaded format=pdflatex 2018.9.4)  31 OCT 2018 21:03
entering extended mode
 restricted \write18 enabled.
 file:line:error style messages enabled.
 %&-line parsing enabled.
**c:/Users/Evan/Documents/MST/CS2300/HW3/hw3.tex
(c:/Users/Evan/Documents/MST/CS2300/HW3/hw3.tex
LaTeX2e <2018-04-01> patch level 5
(c:/Program Files (x86)/texlive/2018/texmf-dist/tex/latex/base/article.cls
Document Class: article 2014/09/29 v1.4h Standard LaTeX document class
(c:/Program Files (x86)/texlive/2018/texmf-dist/tex/latex/base/size12.clo
File: size12.clo 2014/09/29 v1.4h Standard LaTeX file (size option)
)
\c@part=\count80
\c@section=\count81
\c@subsection=\count82
\c@subsubsection=\count83
\c@paragraph=\count84
\c@subparagraph=\count85
\c@figure=\count86
\c@table=\count87
\abovecaptionskip=\skip41
\belowcaptionskip=\skip42
\bibindent=\dimen102
) (c:/Program Files (x86)/texlive/2018/texmf-dist/tex/latex/graphics/graphicx.sty
Package: graphicx 2017/06/01 v1.1a Enhanced LaTeX Graphics (DPC,SPQR)
 (c:/Program Files (x86)/texlive/2018/texmf-dist/tex/latex/graphics/keyval.sty
Package: keyval 2014/10/28 v1.15 key=value parser (DPC)
\KV@toks@=\toks14
) (c:/Program Files (x86)/texlive/2018/texmf-dist/tex/latex/graphics/graphics.sty
Package: graphics 2017/06/25 v1.2c Standard LaTeX Graphics (DPC,SPQR)
 (c:/Program Files (x86)/texlive/2018/texmf-dist/tex/latex/graphics/trig.sty
Package: trig 2016/01/03 v1.10 sin cos tan (DPC)
) (c:/Program Files (x86)/texlive/2018/texmf-dist/tex/latex/graphics-cfg/graphics.cfg
File: graphics.cfg 2016/06/04 v1.11 sample graphics configuration
)
Package graphics Info: Driver file: pdftex.def on input line 99.
 (c:/Program Files (x86)/texlive/2018/texmf-dist/tex/latex/graphics-def/pdftex.def
File: pdftex.def 2018/01/08 v1.0l Graphics/color driver for pdftex
))
\Gin@req@height=\dimen103
\Gin@req@width=\dimen104
) (c:/Program Files (x86)/texlive/2018/texmf-dist/tex/latex/geometry/geometry.sty
Package: geometry 2018/04/16 v5.8 Page Geometry
 (c:/Program Files (x86)/texlive/2018/texmf-dist/tex/generic/oberdiek/ifpdf.sty
Package: ifpdf 2017/03/15 v3.2 Provides the ifpdf switch
) (c:/Program Files (x86)/texlive/2018/texmf-dist/tex/generic/oberdiek/ifvtex.sty
Package: ifvtex 2016/05/16 v1.6 Detect VTeX and its facilities (HO)
Package ifvtex Info: VTeX not detected.
) (c:/Program Files (x86)/texlive/2018/texmf-dist/tex/generic/ifxetex/ifxetex.sty
Package: ifxetex 2010/09/12 v0.6 Provides ifxetex conditional
)
\Gm@cnth=\count88
\Gm@cntv=\count89
\c@Gm@tempcnt=\count90
\Gm@bindingoffset=\dimen105
\Gm@wd@mp=\dimen106
\Gm@odd@mp=\dimen107
\Gm@even@mp=\dimen108
\Gm@layoutwidth=\dimen109
\Gm@layoutheight=\dimen110
\Gm@layouthoffset=\dimen111
\Gm@layoutvoffset=\dimen112
\Gm@dimlist=\toks15
) (c:/Program Files (x86)/texlive/2018/texmf-dist/tex/latex/amsmath/amsmath.sty
Package: amsmath 2017/09/02 v2.17a AMS math features
\@mathmargin=\skip43

For additional information on amsmath, use the `?' option.
(c:/Program Files (x86)/texlive/2018/texmf-dist/tex/latex/amsmath/amstext.sty
Package: amstext 2000/06/29 v2.01 AMS text
 (c:/Program Files (x86)/texlive/2018/texmf-dist/tex/latex/amsmath/amsgen.sty
File: amsgen.sty 1999/11/30 v2.0 generic functions
\@emptytoks=\toks16
\ex@=\dimen113
)) (c:/Program Files (x86)/texlive/2018/texmf-dist/tex/latex/amsmath/amsbsy.sty
Package: amsbsy 1999/11/29 v1.2d Bold Symbols
\pmbraise@=\dimen114
) (c:/Program Files (x86)/texlive/2018/texmf-dist/tex/latex/amsmath/amsopn.sty
Package: amsopn 2016/03/08 v2.02 operator names
)
\inf@bad=\count91
LaTeX Info: Redefining \frac on input line 213.
\uproot@=\count92
\leftroot@=\count93
LaTeX Info: Redefining \overline on input line 375.
\classnum@=\count94
\DOTSCASE@=\count95
LaTeX Info: Redefining \ldots on input line 472.
LaTeX Info: Redefining \dots on input line 475.
LaTeX Info: Redefining \cdots on input line 596.
\Mathstrutbox@=\box26
\strutbox@=\box27
\big@size=\dimen115
LaTeX Font Info:    Redeclaring font encoding OML on input line 712.
LaTeX Font Info:    Redeclaring font encoding OMS on input line 713.
\macc@depth=\count96
\c@MaxMatrixCols=\count97
\dotsspace@=\muskip10
\c@parentequation=\count98
\dspbrk@lvl=\count99
\tag@help=\toks17
\row@=\count100
\column@=\count101
\maxfields@=\count102
\andhelp@=\toks18
\eqnshift@=\dimen116
\alignsep@=\dimen117
\tagshift@=\dimen118
\tagwidth@=\dimen119
\totwidth@=\dimen120
\lineht@=\dimen121
\@envbody=\toks19
\multlinegap=\skip44
\multlinetaggap=\skip45
\mathdisplay@stack=\toks20
LaTeX Info: Redefining \[ on input line 2817.
LaTeX Info: Redefining \] on input line 2818.
) (c:/Program Files (x86)/texlive/2018/texmf-dist/tex/latex/amscls/amsthm.sty
Package: amsthm 2017/10/31 v2.20.4
\thm@style=\toks21
\thm@bodyfont=\toks22
\thm@headfont=\toks23
\thm@notefont=\toks24
\thm@headpunct=\toks25
\thm@preskip=\skip46
\thm@postskip=\skip47
\thm@headsep=\skip48
\dth@everypar=\toks26
) (c:/Program Files (x86)/texlive/2018/texmf-dist/tex/latex/amsfonts/amssymb.sty
Package: amssymb 2013/01/14 v3.01 AMS font symbols
 (c:/Program Files (x86)/texlive/2018/texmf-dist/tex/latex/amsfonts/amsfonts.sty
Package: amsfonts 2013/01/14 v3.01 Basic AMSFonts support
\symAMSa=\mathgroup4
\symAMSb=\mathgroup5
LaTeX Font Info:    Overwriting math alphabet `\mathfrak' in version `bold'
(Font)                  U/euf/m/n --> U/euf/b/n on input line 106.
)) (./hw3.aux)
\openout1 = `hw3.aux'.

LaTeX Font Info:    Checking defaults for OML/cmm/m/it on input line 13.
LaTeX Font Info:    ... okay on input line 13.
LaTeX Font Info:    Checking defaults for T1/cmr/m/n on input line 13.
LaTeX Font Info:    ... okay on input line 13.
LaTeX Font Info:    Checking defaults for OT1/cmr/m/n on input line 13.
LaTeX Font Info:    ... okay on input line 13.
LaTeX Font Info:    Checking defaults for OMS/cmsy/m/n on input line 13.
LaTeX Font Info:    ... okay on input line 13.
LaTeX Font Info:    Checking defaults for OMX/cmex/m/n on input line 13.
LaTeX Font Info:    ... okay on input line 13.
LaTeX Font Info:    Checking defaults for U/cmr/m/n on input line 13.
LaTeX Font Info:    ... okay on input line 13.
 (c:/Program Files (x86)/texlive/2018/texmf-dist/tex/context/base/mkii/supp-pdf.mkii
[Loading MPS to PDF converter (version 2006.09.02).]
\scratchcounter=\count103
\scratchdimen=\dimen122
\scratchbox=\box28
\nofMPsegments=\count104
\nofMParguments=\count105
\everyMPshowfont=\toks27
\MPscratchCnt=\count106
\MPscratchDim=\dimen123
\MPnumerator=\count107
\makeMPintoPDFobject=\count108
\everyMPtoPDFconversion=\toks28
) (c:/Program Files (x86)/texlive/2018/texmf-dist/tex/latex/oberdiek/epstopdf-base.sty
Package: epstopdf-base 2016/05/15 v2.6 Base part for package epstopdf
 (c:/Program Files (x86)/texlive/2018/texmf-dist/tex/generic/oberdiek/infwarerr.sty
Package: infwarerr 2016/05/16 v1.4 Providing info/warning/error messages (HO)
) (c:/Program Files (x86)/texlive/2018/texmf-dist/tex/latex/oberdiek/grfext.sty
Package: grfext 2016/05/16 v1.2 Manage graphics extensions (HO)
 (c:/Program Files (x86)/texlive/2018/texmf-dist/tex/generic/oberdiek/kvdefinekeys.sty
Package: kvdefinekeys 2016/05/16 v1.4 Define keys (HO)
 (c:/Program Files (x86)/texlive/2018/texmf-dist/tex/generic/oberdiek/ltxcmds.sty
Package: ltxcmds 2016/05/16 v1.23 LaTeX kernel commands for general use (HO)
))) (c:/Program Files (x86)/texlive/2018/texmf-dist/tex/latex/oberdiek/kvoptions.sty
Package: kvoptions 2016/05/16 v3.12 Key value format for package options (HO)
 (c:/Program Files (x86)/texlive/2018/texmf-dist/tex/generic/oberdiek/kvsetkeys.sty
Package: kvsetkeys 2016/05/16 v1.17 Key value parser (HO)
 (c:/Program Files (x86)/texlive/2018/texmf-dist/tex/generic/oberdiek/etexcmds.sty
Package: etexcmds 2016/05/16 v1.6 Avoid name clashes with e-TeX commands (HO)
 (c:/Program Files (x86)/texlive/2018/texmf-dist/tex/generic/oberdiek/ifluatex.sty
Package: ifluatex 2016/05/16 v1.4 Provides the ifluatex switch (HO)
Package ifluatex Info: LuaTeX not detected.
)
Package etexcmds Info: Could not find \expanded.
(etexcmds)             That can mean that you are not using pdfTeX 1.50 or
(etexcmds)             that some package has redefined \expanded.
(etexcmds)             In the latter case, load this package earlier.
))) (c:/Program Files (x86)/texlive/2018/texmf-dist/tex/generic/oberdiek/pdftexcmds.sty
Package: pdftexcmds 2018/01/30 v0.27 Utility functions of pdfTeX for LuaTeX (HO)
Package pdftexcmds Info: LuaTeX not detected.
Package pdftexcmds Info: \pdf@primitive is available.
Package pdftexcmds Info: \pdf@ifprimitive is available.
Package pdftexcmds Info: \pdfdraftmode found.
)
Package epstopdf-base Info: Redefining graphics rule for `.eps' on input line 438.
Package grfext Info: Graphics extension search list:
(grfext)             [.pdf,.png,.jpg,.mps,.jpeg,.jbig2,.jb2,.PDF,.PNG,.JPG,.JPEG,.JBIG2,.JB2,.eps]
(grfext)             \AppendGraphicsExtensions on input line 456.
 (c:/Program Files (x86)/texlive/2018/texmf-dist/tex/latex/latexconfig/epstopdf-sys.cfg
File: epstopdf-sys.cfg 2010/07/13 v1.3 Configuration of (r)epstopdf for TeX Live
))
*geometry* driver: auto-detecting
*geometry* detected driver: pdftex
*geometry* verbose mode - [ preamble ] result:
* driver: pdftex
* paper: <default>
* layout: <same size as paper>
* layoutoffset:(h,v)=(0.0pt,0.0pt)
* modes: 
* h-part:(L,W,R)=(72.26999pt, 469.75502pt, 72.26999pt)
* v-part:(T,H,B)=(72.26999pt, 650.43001pt, 72.26999pt)
* \paperwidth=614.295pt
* \paperheight=794.96999pt
* \textwidth=469.75502pt
* \textheight=650.43001pt
* \oddsidemargin=0.0pt
* \evensidemargin=0.0pt
* \topmargin=-37.0pt
* \headheight=12.0pt
* \headsep=25.0pt
* \topskip=12.0pt
* \footskip=30.0pt
* \marginparwidth=44.0pt
* \marginparsep=10.0pt
* \columnsep=10.0pt
* \skip\footins=10.8pt plus 4.0pt minus 2.0pt
* \hoffset=0.0pt
* \voffset=0.0pt
* \mag=1000
* \@twocolumnfalse
* \@twosidefalse
* \@mparswitchfalse
* \@reversemarginfalse
* (1in=72.27pt=25.4mm, 1cm=28.453pt)

LaTeX Font Info:    Try loading font information for U+msa on input line 18.
(c:/Program Files (x86)/texlive/2018/texmf-dist/tex/latex/amsfonts/umsa.fd
File: umsa.fd 2013/01/14 v3.01 AMS symbols A
)
LaTeX Font Info:    Try loading font information for U+msb on input line 18.
 (c:/Program Files (x86)/texlive/2018/texmf-dist/tex/latex/amsfonts/umsb.fd
File: umsb.fd 2013/01/14 v3.01 AMS symbols B
)
<1.png, id=1, 479.99326pt x 268.00125pt>
File: 1.png Graphic file (type png)
<use 1.png>
Package pdftex.def Info: 1.png  used on input line 22.
(pdftex.def)             Requested size: 431.98993pt x 241.19888pt.

Overfull \hbox (218.25493pt too wide) in paragraph at lines 23--27
\OML/cmm/m/it/12 Actor:idF[]ActorsWMovie$ $ActorLatestMovie \OMS/cmsy/m/n/12   \OML/cmm/m/it/12 ^^Y[]ActorsWLatestMovie$ 
 []

[1

{c:/Program Files (x86)/texlive/2018/texmf-var/fonts/map/pdftex/updmap/pdftex.map} <./1.PNG>] [2]
Overfull \hbox (140.06996pt too wide) in paragraph at lines 156--156
 []        \OT1/cmtt/m/n/12 INSERT INTO Release(rid, rtitle, year, aid) VALUES(1, "Random Album Title.", 2008, 1);[] 
 []


Overfull \hbox (41.26991pt too wide) in paragraph at lines 156--156
 []        \OT1/cmtt/m/n/12 INSERT INTO Label(lid, lname, labbr) VALUES(1, "Ultra Records", "UL");[] 
 []


Overfull \hbox (16.5699pt too wide) in paragraph at lines 156--156
 []        \OT1/cmtt/m/n/12 INSERT INTO Label(lid, lname, labbr) VALUES(2, "mauStrap", "MAU");[] 
 []


Overfull \hbox (300.62004pt too wide) in paragraph at lines 156--156
 []        \OT1/cmtt/m/n/12 INSERT INTO Rerelease(catno, rid, upc, label, year, medium) VALUES("UL 1868-2", 1, 617465186820, 1, 2008, "CD");[] 
 []


Overfull \hbox (238.87001pt too wide) in paragraph at lines 156--156
 []        \OT1/cmtt/m/n/12 INSERT INTO Rerelease(catno, rid, upc, label, year, medium) VALUES("MAU5RAT", 1, " ", 2, 2016, "Web");[] 
 []


Overfull \hbox (146.24496pt too wide) in paragraph at lines 156--156
 []        \OT1/cmtt/m/n/12 INSERT INTO Song(sid, stitle, duration, artist) VALUES(1, "Brazil (2nd Edit)", 323, 1);[] 
 []


Overfull \hbox (103.01994pt too wide) in paragraph at lines 156--156
 []        \OT1/cmtt/m/n/12 INSERT INTO Song(sid, stitle, duration, artist) VALUES(2, "I Remember", 548, 1);[] 
 []


Overfull \hbox (350.02007pt too wide) in paragraph at lines 156--156
 []        \OT1/cmtt/m/n/12 INSERT INTO Song(sid, stitle, duration, remixof, artist) VALUES(3, "Faxing Berlin (Piano Acoustica Version", 105, 4, 1);[] 
 []


Overfull \hbox (121.54495pt too wide) in paragraph at lines 156--156
 []        \OT1/cmtt/m/n/12 INSERT INTO Song(sid, stitle, duration, artist) VALUES(4, "Faxing Berlin", 150, 1);[] 
 []


Overfull \hbox (90.66994pt too wide) in paragraph at lines 156--156
 []        \OT1/cmtt/m/n/12 INSERT INTO AlbumTrack(rid, catno, sid, trackno) VALUES(1, "UL 1868-2", 1, 5);[] 
 []


Overfull \hbox (90.66994pt too wide) in paragraph at lines 156--156
 []        \OT1/cmtt/m/n/12 INSERT INTO AlbumTrack(rid, catno, sid, trackno) VALUES(1, "UL 1868-2", 2, 7);[] 
 []


Overfull \hbox (90.66994pt too wide) in paragraph at lines 156--156
 []        \OT1/cmtt/m/n/12 INSERT INTO AlbumTrack(rid, catno, sid, trackno) VALUES(1, "UL 1868-2", 3, 8);[] 
 []


Overfull \hbox (90.66994pt too wide) in paragraph at lines 156--156
 []        \OT1/cmtt/m/n/12 INSERT INTO AlbumTrack(rid, catno, sid, trackno) VALUES(1, "UL 1868-2", 4, 9);[] 
 []


Overfull \hbox (78.31993pt too wide) in paragraph at lines 156--156
 []        \OT1/cmtt/m/n/12 INSERT INTO AlbumTrack(rid, catno, sid, trackno) VALUES(1, "MAU5RAT", 1, 5);[] 
 []


Overfull \hbox (78.31993pt too wide) in paragraph at lines 156--156
 []        \OT1/cmtt/m/n/12 INSERT INTO AlbumTrack(rid, catno, sid, trackno) VALUES(1, "MAU5RAT", 2, 7);[] 
 []


Overfull \hbox (78.31993pt too wide) in paragraph at lines 156--156
 []        \OT1/cmtt/m/n/12 INSERT INTO AlbumTrack(rid, catno, sid, trackno) VALUES(1, "MAU5RAT", 3, 8);[] 
 []


Overfull \hbox (78.31993pt too wide) in paragraph at lines 156--156
 []        \OT1/cmtt/m/n/12 INSERT INTO AlbumTrack(rid, catno, sid, trackno) VALUES(1, "MAU5RAT", 4, 9);[] 
 []

[3]
Overfull \hbox (78.31993pt too wide) in paragraph at lines 156--156
 []                            \OT1/cmtt/m/n/12 WHERE lname = "Ultra Records") OR RR.year > 2008) AS RRA[] 
 []


Overfull \hbox (133.89496pt too wide) in paragraph at lines 156--156
 []                        \OT1/cmtt/m/n/12 WHERE AlbumTrack.rid=RRA.rid and AlbumTrack.catno = RRA.catno) AS RRS[] 
 []


Overfull \hbox (72.14493pt too wide) in paragraph at lines 156--156
 []            \OT1/cmtt/m/n/12 FROM Rerelease, Release, (SELECT rid, catno, sid FROM AlbumTrack) AS AT[] 
 []


Overfull \hbox (53.61992pt too wide) in paragraph at lines 156--156
 []                \OT1/cmtt/m/n/12 WHERE Rerelease.rid = Release.rid and AT.catno = Rerelease.catno[] 
 []


Overfull \hbox (109.19495pt too wide) in paragraph at lines 156--156
 []            \OT1/cmtt/m/n/12 FROM Rerelease, Release, (SELECT rid, catno, sid FROM AlbumTrack) AS AT, Song[] 
 []


Overfull \hbox (53.61992pt too wide) in paragraph at lines 156--156
 []                \OT1/cmtt/m/n/12 WHERE Rerelease.rid = Release.rid and AT.catno = Rerelease.catno[] 
 []


Overfull \hbox (1066.32042pt too wide) in paragraph at lines 156--156
 []        \OT1/cmtt/m/n/12 SELECT Remix.stitle, Remix.aname, Remix.duration, Artist.aname FROM (SELECT * FROM Song, Artist WHERE Song.remixof IS NOT NULL AND Song.artist = Artist.aid) AS Remix, Song, Artist WHERE Remix.sid = Song.sid AND Song.artist = Artist.aid;[] 
 []


Overfull \hbox (1943.17085pt too wide) in paragraph at lines 156--156
 []        \OT1/cmtt/m/n/12 SELECT A1.name, A1.year - A1.birthyear, A1.title FROM (SELECT Actor.name, Movie.year, Actor.birthyear, Movie.title FROM Actor, STARS_IN, Movie WHERE Actor.id = STARS_IN.aid AND STARS_IN.int = Movie.id) AS A1 WHERE A1.year >= ALL (SELECT A2.name, Movie.year, A2.birthyear, Movie.title FROM Actor AS A2, STARS_IN, Movie WHERE Actor.id = STARS_IN.aid AND STARS_IN.int = Movie.id) ;[] 
 []

[4] (./hw3.aux) ) 
Here is how much of TeX's memory you used:
 2904 strings out of 492642
 40235 string characters out of 6123637
 116667 words of memory out of 5000000
 6748 multiletter control sequences out of 15000+600000
 11352 words of font info for 45 fonts, out of 8000000 for 9000
 1141 hyphenation exceptions out of 8191
 41i,6n,32p,435b,328s stack positions out of 5000i,500n,10000p,200000b,80000s
<c:/Program Files (x86)/texlive/2018/texmf-dist/fonts/type1/public/amsfonts/cm/cmmi12.pfb><c:/Program Files (x86)/texlive/2018/texmf-dist/fonts/type1/public/amsfonts/cm/cmmi6.pfb><c:/Program Files (x86)/texlive/2018/texmf-dist/fonts/type1/public/amsfonts/cm/cmmi8.pfb><c:/Program Files (x86)/texlive/2018/texmf-dist/fonts/type1/public/amsfonts/cm/cmr12.pfb><c:/Program Files (x86)/texlive/2018/texmf-dist/fonts/type1/public/amsfonts/cm/cmr17.pfb><c:/Program Files (x86)/texlive/2018/texmf-dist/fonts/type1/public/amsfonts/cm/cmr8.pfb><c:/Program Files (x86)/texlive/2018/texmf-dist/fonts/type1/public/amsfonts/cm/cmsy10.pfb><c:/Program Files (x86)/texlive/2018/texmf-dist/fonts/type1/public/amsfonts/cm/cmsy8.pfb><c:/Program Files (x86)/texlive/2018/texmf-dist/fonts/type1/public/amsfonts/cm/cmtt12.pfb>
Output written on hw3.pdf (4 pages, 109625 bytes).
PDF statistics:
 56 PDF objects out of 1000 (max. 8388607)
 38 compressed objects within 1 object stream
 0 named destinations out of 1000 (max. 500000)
 6 words of extra memory for PDF output out of 10000 (max. 10000000)

