This is pdfTeX, Version 3.14159265-2.6-1.40.19 (TeX Live 2018/W32TeX) (preloaded format=pdflatex 2018.9.4)  23 APR 2019 04:32
entering extended mode
 restricted \write18 enabled.
 file:line:error style messages enabled.
 %&-line parsing enabled.
**"c:/Users/Evan/Documents/MST/CS2500/Project 4 Phase 1/latex/proj4_1.tex"
(c:/Users/Evan/Documents/MST/CS2500/Project 4 Phase 1/latex/proj4_1.tex
LaTeX2e <2018-04-01> patch level 5
(c:/Program Files (x86)/texlive/2018/texmf-dist/tex/latex/base/article.cls
Document Class: article 2014/09/29 v1.4h Standard LaTeX document class
(c:/Program Files (x86)/texlive/2018/texmf-dist/tex/latex/base/size10.clo
File: size10.clo 2014/09/29 v1.4h Standard LaTeX file (size option)
)
\c@part=\count80
\c@section=\count81
\c@subsection=\count82
\c@subsubsection=\count83
\c@paragraph=\count84
\c@subparagraph=\count85
\c@figure=\count86
\c@table=\count87
\abovecaptionskip=\skip41
\belowcaptionskip=\skip42
\bibindent=\dimen102
) (c:/Program Files (x86)/texlive/2018/texmf-dist/tex/generic/babel/babel.sty
Package: babel 2018/09/02 3.23 The Babel package
 (c:/Program Files (x86)/texlive/2018/texmf-dist/tex/generic/babel/switch.def
File: switch.def 2018/09/02 3.23 Babel switching mechanism
) (c:/Program Files (x86)/texlive/2018/texmf-dist/tex/generic/babel-english/english.ldf
Language: english 2017/06/06 v3.3r English support from the babel system
 (c:/Program Files (x86)/texlive/2018/texmf-dist/tex/generic/babel/babel.def
File: babel.def 2018/09/02 3.23 Babel common definitions
\babel@savecnt=\count88
\U@D=\dimen103
 (c:/Program Files (x86)/texlive/2018/texmf-dist/tex/generic/babel/txtbabel.def)
\bbl@dirlevel=\count89
)
\l@canadian = a dialect from \language\l@american 
\l@australian = a dialect from \language\l@british 
\l@newzealand = a dialect from \language\l@british 
)) (c:/Program Files (x86)/texlive/2018/texmf-dist/tex/latex/base/inputenc.sty
Package: inputenc 2018/04/06 v1.3b Input encoding file
\inpenc@prehook=\toks14
\inpenc@posthook=\toks15
) (c:/Program Files (x86)/texlive/2018/texmf-dist/tex/latex/graphics/graphicx.sty
Package: graphicx 2017/06/01 v1.1a Enhanced LaTeX Graphics (DPC,SPQR)
 (c:/Program Files (x86)/texlive/2018/texmf-dist/tex/latex/graphics/keyval.sty
Package: keyval 2014/10/28 v1.15 key=value parser (DPC)
\KV@toks@=\toks16
) (c:/Program Files (x86)/texlive/2018/texmf-dist/tex/latex/graphics/graphics.sty
Package: graphics 2017/06/25 v1.2c Standard LaTeX Graphics (DPC,SPQR)
 (c:/Program Files (x86)/texlive/2018/texmf-dist/tex/latex/graphics/trig.sty
Package: trig 2016/01/03 v1.10 sin cos tan (DPC)
) (c:/Program Files (x86)/texlive/2018/texmf-dist/tex/latex/graphics-cfg/graphics.cfg
File: graphics.cfg 2016/06/04 v1.11 sample graphics configuration
)
Package graphics Info: Driver file: pdftex.def on input line 99.
 (c:/Program Files (x86)/texlive/2018/texmf-dist/tex/latex/graphics-def/pdftex.def
File: pdftex.def 2018/01/08 v1.0l Graphics/color driver for pdftex
))
\Gin@req@height=\dimen104
\Gin@req@width=\dimen105
) (c:/Program Files (x86)/texlive/2018/texmf-dist/tex/latex/enumitem/enumitem.sty
Package: enumitem 2011/09/28 v3.5.2 Customized lists
\labelindent=\skip43
\enit@outerparindent=\dimen106
\enit@toks=\toks17
\enit@inbox=\box26
\enitdp@description=\count90
) (c:/Program Files (x86)/texlive/2018/texmf-dist/tex/latex/blindtext/blindtext.sty
Package: blindtext 2012/01/06 V2.0 blindtext-Package
 (c:/Program Files (x86)/texlive/2018/texmf-dist/tex/latex/tools/xspace.sty
Package: xspace 2014/10/28 v1.13 Space after command names (DPC,MH)
)
\c@blindtext=\count91
\c@Blindtext=\count92
\c@blind@countparstart=\count93
\blind@countxx=\count94
\blindtext@numBlindtext=\count95
\blind@countyy=\count96
\c@blindlist=\count97
\c@blindlistlevel=\count98
\c@blindlist@level=\count99
\blind@listitem=\count100
\c@blind@listcount=\count101
\c@blind@levelcount=\count102
\blind@mathformula=\count103
\blind@Mathformula=\count104
\c@blind@randomcount=\count105
\c@blind@randommax=\count106
\c@blind@pangramcount=\count107
\c@blind@pangrammax=\count108
) (c:/Users/Evan/Documents/MST/CS2500/Project 4 Phase 1/latex/proj4_1.aux)
\openout1 = `proj4_1.aux'.

LaTeX Font Info:    Checking defaults for OML/cmm/m/it on input line 17.
LaTeX Font Info:    ... okay on input line 17.
LaTeX Font Info:    Checking defaults for T1/cmr/m/n on input line 17.
LaTeX Font Info:    ... okay on input line 17.
LaTeX Font Info:    Checking defaults for OT1/cmr/m/n on input line 17.
LaTeX Font Info:    ... okay on input line 17.
LaTeX Font Info:    Checking defaults for OMS/cmsy/m/n on input line 17.
LaTeX Font Info:    ... okay on input line 17.
LaTeX Font Info:    Checking defaults for OMX/cmex/m/n on input line 17.
LaTeX Font Info:    ... okay on input line 17.
LaTeX Font Info:    Checking defaults for U/cmr/m/n on input line 17.
LaTeX Font Info:    ... okay on input line 17.
 (c:/Program Files (x86)/texlive/2018/texmf-dist/tex/context/base/mkii/supp-pdf.mkii
[Loading MPS to PDF converter (version 2006.09.02).]
\scratchcounter=\count109
\scratchdimen=\dimen107
\scratchbox=\box27
\nofMPsegments=\count110
\nofMParguments=\count111
\everyMPshowfont=\toks18
\MPscratchCnt=\count112
\MPscratchDim=\dimen108
\MPnumerator=\count113
\makeMPintoPDFobject=\count114
\everyMPtoPDFconversion=\toks19
) (c:/Program Files (x86)/texlive/2018/texmf-dist/tex/latex/oberdiek/epstopdf-base.sty
Package: epstopdf-base 2016/05/15 v2.6 Base part for package epstopdf
 (c:/Program Files (x86)/texlive/2018/texmf-dist/tex/generic/oberdiek/infwarerr.sty
Package: infwarerr 2016/05/16 v1.4 Providing info/warning/error messages (HO)
) (c:/Program Files (x86)/texlive/2018/texmf-dist/tex/latex/oberdiek/grfext.sty
Package: grfext 2016/05/16 v1.2 Manage graphics extensions (HO)
 (c:/Program Files (x86)/texlive/2018/texmf-dist/tex/generic/oberdiek/kvdefinekeys.sty
Package: kvdefinekeys 2016/05/16 v1.4 Define keys (HO)
 (c:/Program Files (x86)/texlive/2018/texmf-dist/tex/generic/oberdiek/ltxcmds.sty
Package: ltxcmds 2016/05/16 v1.23 LaTeX kernel commands for general use (HO)
))) (c:/Program Files (x86)/texlive/2018/texmf-dist/tex/latex/oberdiek/kvoptions.sty
Package: kvoptions 2016/05/16 v3.12 Key value format for package options (HO)
 (c:/Program Files (x86)/texlive/2018/texmf-dist/tex/generic/oberdiek/kvsetkeys.sty
Package: kvsetkeys 2016/05/16 v1.17 Key value parser (HO)
 (c:/Program Files (x86)/texlive/2018/texmf-dist/tex/generic/oberdiek/etexcmds.sty
Package: etexcmds 2016/05/16 v1.6 Avoid name clashes with e-TeX commands (HO)
 (c:/Program Files (x86)/texlive/2018/texmf-dist/tex/generic/oberdiek/ifluatex.sty
Package: ifluatex 2016/05/16 v1.4 Provides the ifluatex switch (HO)
Package ifluatex Info: LuaTeX not detected.
)
Package etexcmds Info: Could not find \expanded.
(etexcmds)             That can mean that you are not using pdfTeX 1.50 or
(etexcmds)             that some package has redefined \expanded.
(etexcmds)             In the latter case, load this package earlier.
))) (c:/Program Files (x86)/texlive/2018/texmf-dist/tex/generic/oberdiek/pdftexcmds.sty
Package: pdftexcmds 2018/01/30 v0.27 Utility functions of pdfTeX for LuaTeX (HO)
 (c:/Program Files (x86)/texlive/2018/texmf-dist/tex/generic/oberdiek/ifpdf.sty
Package: ifpdf 2017/03/15 v3.2 Provides the ifpdf switch
)
Package pdftexcmds Info: LuaTeX not detected.
Package pdftexcmds Info: \pdf@primitive is available.
Package pdftexcmds Info: \pdf@ifprimitive is available.
Package pdftexcmds Info: \pdfdraftmode found.
)
Package epstopdf-base Info: Redefining graphics rule for `.eps' on input line 438.
Package grfext Info: Graphics extension search list:
(grfext)             [.pdf,.png,.jpg,.mps,.jpeg,.jbig2,.jb2,.PDF,.PNG,.JPG,.JPEG,.JBIG2,.JB2,.eps]
(grfext)             \AppendGraphicsExtensions on input line 456.
 (c:/Program Files (x86)/texlive/2018/texmf-dist/tex/latex/latexconfig/epstopdf-sys.cfg
File: epstopdf-sys.cfg 2010/07/13 v1.3 Configuration of (r)epstopdf for TeX Live
))
LaTeX Font Info:    External font `cmex10' loaded for size
(Font)              <12> on input line 18.
LaTeX Font Info:    External font `cmex10' loaded for size
(Font)              <8> on input line 18.
LaTeX Font Info:    External font `cmex10' loaded for size
(Font)              <6> on input line 18.

Underfull \hbox (badness 10000) in paragraph at lines 21--28

 []


Underfull \hbox (badness 10000) in paragraph at lines 36--44

 []

LaTeX Font Info:    External font `cmex10' loaded for size
(Font)              <7> on input line 51.
LaTeX Font Info:    External font `cmex10' loaded for size
(Font)              <5> on input line 51.
[1

{c:/Program Files (x86)/texlive/2018/texmf-var/fonts/map/pdftex/updmap/pdftex.map}]
Underfull \hbox (badness 10000) in paragraph at lines 85--94

 []


Underfull \hbox (badness 10000) in paragraph at lines 96--101

 []

[2] [3]
Overfull \hbox (43.49661pt too wide) in paragraph at lines 198--198
[]\OT1/cmtt/m/n/10 * Brief: File used to create a minimum spanning tree of cities in Missouri[] 
 []


Overfull \hbox (59.24648pt too wide) in paragraph at lines 198--198
[]    \OT1/cmtt/m/n/10 // Input cites names and coordinates and put them in a vector V of Nodes.[] 
 []


Overfull \hbox (164.24556pt too wide) in paragraph at lines 198--198
[]            \OT1/cmtt/m/n/10 dis = sqrt(pow((V[x].m_lat-V[y].m_lat), 2) + pow((V[x].m_long-V[y].m_long), 2)) * 69;[] 
 []

[4]
Overfull \hbox (27.74675pt too wide) in paragraph at lines 198--198
[]    \OT1/cmtt/m/n/10 cout << "=============Prim's algorithm: =================" << endl;[] 
 []


Overfull \hbox (43.49661pt too wide) in paragraph at lines 198--198
[]    \OT1/cmtt/m/n/10 cout << "=============Kruskal's algorithm: =================" << endl;[] 
 []


Overfull \hbox (111.74602pt too wide) in paragraph at lines 294--294
[]\OT1/cmtt/m/n/10 * Brief: A class that implements a graph and multiple minimum spamming tree algorithms.[] 
 []


Overfull \hbox (132.74583pt too wide) in paragraph at lines 294--294
[]        \OT1/cmtt/m/n/10 vector<Node> *V;                                // pointer to a vector of verticies[] 
 []


Overfull \hbox (27.74675pt too wide) in paragraph at lines 294--294
[]        \OT1/cmtt/m/n/10 list<pair<int, float>> *adj;                    // adjency list[] 
 []


Overfull \hbox (43.49661pt too wide) in paragraph at lines 294--294
[]        \OT1/cmtt/m/n/10 vector< pair<float, pair<int, int>>> edges;     // vector of edges[] 
 []

[5]
Overfull \hbox (38.24666pt too wide) in paragraph at lines 294--294
[]        \OT1/cmtt/m/n/10 * Post      : A Graph object is created, adj = a new adjency list[] 
 []


Overfull \hbox (90.7462pt too wide) in paragraph at lines 294--294
[]        \OT1/cmtt/m/n/10 * Brief     : adds an edge to the edges vector and adds a connection in adj[] 
 []


Overfull \hbox (48.74657pt too wide) in paragraph at lines 294--294
[]        \OT1/cmtt/m/n/10 * Post      : A edge is add to edges and a connection is add to adj[] 
 []


Overfull \hbox (53.99652pt too wide) in paragraph at lines 294--294
[]        \OT1/cmtt/m/n/10 * Brief     : Creates a minimum spanning tree using Prim's algorithm[] 
 []


Overfull \hbox (11.99689pt too wide) in paragraph at lines 294--294
[]        \OT1/cmtt/m/n/10 * Pre       : V is a vector of Nodes, adj is an adjency list[] 
 []


Overfull \hbox (69.74638pt too wide) in paragraph at lines 294--294
[]        \OT1/cmtt/m/n/10 * Brief     : Creates a minimum spanning tree using Kruskal's algorithm[] 
 []


Overfull \hbox (32.9967pt too wide) in paragraph at lines 294--294
[]        \OT1/cmtt/m/n/10 * Pre       : V is a vector of Nodes, edges is a vector of edges[] 
 []

[6]
Overfull \hbox (27.74675pt too wide) in paragraph at lines 294--294
[]        \OT1/cmtt/m/n/10 * Pre       : V is a vector of Nodes, adj is an adjencency list[] 
 []


Overfull \hbox (143.24574pt too wide) in paragraph at lines 441--441
[]    \OT1/cmtt/m/n/10 priority_queue<pair<int, float>, vector<pair<int, float>> , greater<pair<int, float>>> Q;[] 
 []

[7]
Overfull \hbox (11.99689pt too wide) in paragraph at lines 441--441
[]            \OT1/cmtt/m/n/10 // Get vertex label and weight of current adjacent of u.[] 
 []


Overfull \hbox (111.74602pt too wide) in paragraph at lines 441--441
[]            \OT1/cmtt/m/n/10 //  If v is not in MST and weight of (u,v) is smaller than current dis of v[] 
 []

[8] [9]
Overfull \hbox (38.24666pt too wide) in paragraph at lines 533--533
[]        \OT1/cmtt/m/n/10 // Initially, all vertices are in different sets and have rank 0.[] 
 []

[10] [11]
Overfull \hbox (32.9967pt too wide) in paragraph at lines 577--577
[]\OT1/cmtt/m/n/10 * Brief: A class that pairs a name, latitude and longitude in to a node.[] 
 []


Overfull \hbox (64.49643pt too wide) in paragraph at lines 577--577
[]    \OT1/cmtt/m/n/10 Node(string n, float lat, float lon): m_name(n), m_lat(lat), m_long(lon){}[] 
 []

[12]
Underfull \hbox (badness 10000) in paragraph at lines 581--582

 []

[13] (c:/Users/Evan/Documents/MST/CS2500/Project 4 Phase 1/latex/proj4_1.aux) ) 
Here is how much of TeX's memory you used:
 2425 strings out of 492642
 37155 string characters out of 6123637
 123763 words of memory out of 5000000
 6288 multiletter control sequences out of 15000+600000
 7756 words of font info for 28 fonts, out of 8000000 for 9000
 1141 hyphenation exceptions out of 8191
 41i,6n,25p,335b,244s stack positions out of 5000i,500n,10000p,200000b,80000s
<c:/Program Files (x86)/texlive/2018/texmf-dist/fonts/type1/public/amsfonts/cm/cmbx10.pfb><c:/Program Files (x86)/texlive/2018/texmf-dist/fonts/type1/public/amsfonts/cm/cmbx12.pfb><c:/Program Files (x86)/texlive/2018/texmf-dist/fonts/type1/public/amsfonts/cm/cmmi10.pfb><c:/Program Files (x86)/texlive/2018/texmf-dist/fonts/type1/public/amsfonts/cm/cmmi7.pfb><c:/Program Files (x86)/texlive/2018/texmf-dist/fonts/type1/public/amsfonts/cm/cmr10.pfb><c:/Program Files (x86)/texlive/2018/texmf-dist/fonts/type1/public/amsfonts/cm/cmr12.pfb><c:/Program Files (x86)/texlive/2018/texmf-dist/fonts/type1/public/amsfonts/cm/cmr17.pfb><c:/Program Files (x86)/texlive/2018/texmf-dist/fonts/type1/public/amsfonts/cm/cmr7.pfb><c:/Program Files (x86)/texlive/2018/texmf-dist/fonts/type1/public/amsfonts/cm/cmsy10.pfb><c:/Program Files (x86)/texlive/2018/texmf-dist/fonts/type1/public/amsfonts/cm/cmtt10.pfb>
Output written on "c:/Users/Evan/Documents/MST/CS2500/Project 4 Phase 1/latex/proj4_1.pdf" (13 pages, 137387 bytes).
PDF statistics:
 87 PDF objects out of 1000 (max. 8388607)
 61 compressed objects within 1 object stream
 0 named destinations out of 1000 (max. 500000)
 1 words of extra memory for PDF output out of 10000 (max. 10000000)

